<?xml version="1.0" encoding="UTF-8"?>
<!-- Generated by org.testng.reporters.JUnitXMLReporter -->
<testsuite hostname="DESKTOP-7OSFT5G" ignored="1" name="car loan" tests="2" failures="0" timestamp="13 Mar 2018 03:09:27 GMT" time="0.01" errors="0">
  <testcase name="LoginAPICarlon" time="0.001" classname="ngtest.day3"/>
  <testcase name="WebLoginCarlon" time="0.001" classname="ngtest.day3"/>
  <testcase name="MobileLoginCarlon" time="0.0" classname="ngtest.day3">
    <ignored/>
  </testcase> <!-- MobileLoginCarlon -->
</testsuite> <!-- car loan -->
