<?xml version="1.0" encoding="UTF-8"?>
<!-- Generated by org.testng.reporters.JUnitXMLReporter -->
<testsuite hostname="DESKTOP-7OSFT5G" ignored="1" name="Test" tests="2" failures="0" timestamp="13 Mar 2018 03:09:27 GMT" time="0.038" errors="0">
  <testcase name="second" time="0.009" classname="ngtest.day1"/>
  <testcase name="de" time="0.004" classname="ngtest.day2"/>
  <testcase name="demo" time="0.0" classname="ngtest.day1">
    <ignored/>
  </testcase> <!-- demo -->
</testsuite> <!-- Test -->
